2015-01-03 15:51:29,099 [Worker-71] INFO  c.n.h.c.p.n.NettyAsyncHttpProvider - Number of application's worked threads is 8
2015-01-03 15:51:29,732 [New I/O client worker #1-1] INFO  o.e.m.c.i.e.AbstractTransferListenerAdapter - Downloading http://repo.maven.apache.org/maven2/com/googlecode/json-simple/json-simple/1.1.1/json-simple-1.1.1.pom
2015-01-03 15:51:29,738 [New I/O client worker #1-1] INFO  o.e.m.c.i.e.AbstractTransferListenerAdapter - Downloaded http://repo.maven.apache.org/maven2/com/googlecode/json-simple/json-simple/1.1.1/json-simple-1.1.1.pom
2015-01-03 15:51:30,087 [Worker-71] INFO  c.n.h.c.p.n.NettyAsyncHttpProvider - Number of application's worked threads is 8
2015-01-03 15:51:30,477 [New I/O client worker #2-1] INFO  o.e.m.c.i.e.AbstractTransferListenerAdapter - Downloading http://repo.maven.apache.org/maven2/com/googlecode/json-simple/json-simple/1.1.1/json-simple-1.1.1.jar
2015-01-03 15:51:30,834 [New I/O client worker #2-1] INFO  o.e.m.c.i.e.AbstractTransferListenerAdapter - Downloaded http://repo.maven.apache.org/maven2/com/googlecode/json-simple/json-simple/1.1.1/json-simple-1.1.1.jar
2015-01-06 23:03:04,314 [Worker-0] INFO  o.e.m.c.i.l.LifecycleMappingFactory - Using org.maven.ide.eclipse.wtp.EjbLifecycleMapping lifecycle mapping for MavenProject: exam.dev:ElecTradeFunService:1.0-SNAPSHOT @ D:\Development\workspace\java_exam\ElecTradeFunService\pom.xml.
2015-01-06 23:03:04,766 [Worker-0] INFO  o.e.m.c.i.l.LifecycleMappingFactory - Using org.maven.ide.eclipse.wtp.WarLifecycleMapping lifecycle mapping for MavenProject: exam.dev:ElecTradeFunApp:1.0-SNAPSHOT @ D:\Development\workspace\java_exam\ElecTradeFunApp\pom.xml.
2015-01-06 23:03:56,345 [main] INFO  o.e.m2e.actions.ExecutePomAction - Creating new launch configuration
2015-01-06 23:04:14,145 [Worker-6] INFO  o.e.m.i.launch.MavenLaunchDelegate - D:\Development\workspace\java_exam\ElecTradeFunService
2015-01-06 23:04:14,145 [Worker-6] INFO  o.e.m.i.launch.MavenLaunchDelegate -  mvn  -B eclipse:eclipse
2015-01-06 23:05:59,771 [main] INFO  o.e.m2e.actions.ExecutePomAction - Creating new launch configuration
2015-01-06 23:06:28,915 [Worker-12] INFO  o.e.m.c.i.p.ProjectConfigurationManager - Update started
2015-01-06 23:06:29,028 [Worker-12] INFO  o.e.m.c.i.l.LifecycleMappingFactory - Using org.maven.ide.eclipse.wtp.EjbLifecycleMapping lifecycle mapping for MavenProject: exam.dev:ElecTradeFunService:1.0-SNAPSHOT @ D:\Development\workspace\java_exam\ElecTradeFunService\pom.xml.
2015-01-06 23:06:29,283 [Worker-12] INFO  o.e.m.j.i.AbstractJavaProjectConfigurator - Adding source folder /ElecTradeFunService/src/main/java
2015-01-06 23:06:29,284 [Worker-12] INFO  o.e.m.j.i.AbstractJavaProjectConfigurator - Adding source folder /ElecTradeFunService/src/test/java
2015-01-06 23:06:29,892 [Worker-12] INFO  o.e.m.c.i.p.ProjectConfigurationManager - Update completed: 0 sec
2015-01-06 23:06:30,654 [Worker-10] INFO  o.e.m.c.i.l.LifecycleMappingFactory - Using org.maven.ide.eclipse.wtp.EjbLifecycleMapping lifecycle mapping for MavenProject: exam.dev:ElecTradeFunService:1.0-SNAPSHOT @ D:\Development\workspace\java_exam\ElecTradeFunService\pom.xml.
2015-01-06 23:08:50,688 [main] INFO  o.e.m2e.actions.ExecutePomAction - Creating new launch configuration
2015-01-06 23:09:12,976 [Worker-10] INFO  o.e.m.i.launch.MavenLaunchDelegate - D:\Development\workspace\java_exam\ElecTradeFunApp
2015-01-06 23:09:12,976 [Worker-10] INFO  o.e.m.i.launch.MavenLaunchDelegate -  mvn  -B eclipse:eclipse
2015-01-06 23:09:25,949 [main] INFO  o.e.m2e.actions.ExecutePomAction - Creating new launch configuration
2015-01-06 23:09:56,414 [Worker-17] INFO  o.e.m.i.launch.MavenLaunchDelegate - D:\Development\workspace\java_exam\ElecTradeFunApp
2015-01-06 23:09:56,414 [Worker-17] INFO  o.e.m.i.launch.MavenLaunchDelegate -  mvn  -B clean install
2015-01-06 23:10:13,329 [Worker-19] INFO  o.e.m.c.i.l.LifecycleMappingFactory - Using org.maven.ide.eclipse.wtp.WarLifecycleMapping lifecycle mapping for MavenProject: exam.dev:ElecTradeFunApp:1.0-SNAPSHOT @ D:\Development\workspace\java_exam\ElecTradeFunApp\pom.xml.
2015-01-06 23:11:43,954 [Worker-9] INFO  o.e.m.i.launch.MavenLaunchDelegate - D:\Development\workspace\java_exam\ElecTradeFunApp
2015-01-06 23:11:43,955 [Worker-9] INFO  o.e.m.i.launch.MavenLaunchDelegate -  mvn  -B clean install
2015-01-06 23:12:00,927 [Worker-20] INFO  o.e.m.c.i.p.ProjectConfigurationManager - Update started
2015-01-06 23:12:01,058 [Worker-20] INFO  o.e.m.c.i.l.LifecycleMappingFactory - Using org.maven.ide.eclipse.wtp.WarLifecycleMapping lifecycle mapping for MavenProject: exam.dev:ElecTradeFunApp:1.0-SNAPSHOT @ D:\Development\workspace\java_exam\ElecTradeFunApp\pom.xml.
2015-01-06 23:12:01,378 [Worker-20] INFO  o.e.m.j.i.AbstractJavaProjectConfigurator - Adding source folder /ElecTradeFunApp/src/main/java
2015-01-06 23:12:01,378 [Worker-20] INFO  o.e.m.j.i.AbstractJavaProjectConfigurator - Resources folder /ElecTradeFunApp/src/main/resources overlaps with sources folder /ElecTradeFunApp/src/main/resources
2015-01-06 23:12:01,378 [Worker-20] INFO  o.e.m.j.i.AbstractJavaProjectConfigurator - Adding source folder /ElecTradeFunApp/src/test/java
2015-01-06 23:12:07,734 [Worker-19] INFO  o.e.m.i.launch.MavenLaunchDelegate - D:\Development\workspace\java_exam\ElecTradeFunApp
2015-01-06 23:12:07,734 [Worker-19] INFO  o.e.m.i.launch.MavenLaunchDelegate -  mvn  -B eclipse:eclipse
2015-01-06 23:12:15,515 [Worker-18] INFO  o.e.m.i.launch.MavenLaunchDelegate - D:\Development\workspace\java_exam\ElecTradeFunApp
2015-01-06 23:12:15,515 [Worker-18] INFO  o.e.m.i.launch.MavenLaunchDelegate -  mvn  -B clean install
2015-01-06 23:13:53,130 [Worker-10] INFO  o.e.m.c.i.l.LifecycleMappingFactory - Using org.maven.ide.eclipse.wtp.WarLifecycleMapping lifecycle mapping for MavenProject: exam.dev:ElecTradeFunApp:1.0-SNAPSHOT @ D:\Development\workspace\java_exam\ElecTradeFunApp\pom.xml.
2015-01-06 23:13:58,087 [Worker-22] INFO  o.e.m.w.i.f.ResourceFilteringBuildParticipant - Cleaning filtered folder for ElecTradeFunApp
2015-01-06 23:13:58,257 [Worker-19] INFO  o.e.m.c.i.embedder.EclipseLogger - Using 'UTF-8' encoding to copy filtered resources.
2015-01-06 23:13:58,257 [Worker-19] INFO  o.e.m.c.i.embedder.EclipseLogger - skip non existing resourceDirectory D:\Development\workspace\java_exam\ElecTradeFunService\src\main\resources
2015-01-06 23:13:58,267 [Worker-19] INFO  o.e.m.c.i.embedder.EclipseLogger - Using 'UTF-8' encoding to copy filtered resources.
2015-01-06 23:13:58,267 [Worker-19] INFO  o.e.m.c.i.embedder.EclipseLogger - skip non existing resourceDirectory D:\Development\workspace\java_exam\ElecTradeFunService\src\test\resources
2015-01-06 23:13:58,410 [Worker-19] INFO  o.e.m.c.i.embedder.EclipseLogger - Using 'UTF-8' encoding to copy filtered resources.
2015-01-06 23:13:58,410 [Worker-19] INFO  o.e.m.c.i.embedder.EclipseLogger - Copying 1 resource
2015-01-06 23:13:58,420 [Worker-19] INFO  o.e.m.c.i.embedder.EclipseLogger - Using 'UTF-8' encoding to copy filtered resources.
2015-01-06 23:13:58,420 [Worker-19] INFO  o.e.m.c.i.embedder.EclipseLogger - skip non existing resourceDirectory D:\Development\workspace\java_exam\ElecTradeFunApp\src\test\resources
2015-01-06 23:18:57,157 [main] INFO  o.e.m2e.actions.ExecutePomAction - Creating new launch configuration
2015-01-06 23:19:56,124 [Worker-10] INFO  o.e.m.i.launch.MavenLaunchDelegate - D:\Development\workspace\java_exam\ElecTradeFunService
2015-01-06 23:19:56,124 [Worker-10] INFO  o.e.m.i.launch.MavenLaunchDelegate -  mvn  -B jboss-as:deploy
2015-01-06 23:20:19,510 [Worker-10] INFO  o.e.m.i.launch.MavenLaunchDelegate - D:\Development\workspace\java_exam\ElecTradeFunApp
2015-01-06 23:20:19,510 [Worker-10] INFO  o.e.m.i.launch.MavenLaunchDelegate -  mvn  -B clean install
2015-01-06 23:22:20,752 [Worker-22] INFO  o.e.m.i.launch.MavenLaunchDelegate - D:\Development\workspace\java_exam\ElecTradeFunApp
2015-01-06 23:22:20,753 [Worker-22] INFO  o.e.m.i.launch.MavenLaunchDelegate -  mvn  -B eclipse:eclipse
2015-01-06 23:22:33,520 [Worker-27] INFO  o.e.m.i.launch.MavenLaunchDelegate - D:\Development\workspace\java_exam\ElecTradeFunApp
2015-01-06 23:22:33,521 [Worker-27] INFO  o.e.m.i.launch.MavenLaunchDelegate -  mvn  -B clean install
2015-01-06 23:23:17,760 [Worker-19] INFO  o.e.m.i.launch.MavenLaunchDelegate - D:\Development\workspace\java_exam\ElecTradeFunService
2015-01-06 23:23:17,761 [Worker-19] INFO  o.e.m.i.launch.MavenLaunchDelegate -  mvn  -B jboss-as:deploy
2015-01-06 23:23:56,691 [Worker-27] INFO  o.e.m.i.launch.MavenLaunchDelegate - D:\Development\workspace\java_exam\ElecTradeFunService
2015-01-06 23:23:56,691 [Worker-27] INFO  o.e.m.i.launch.MavenLaunchDelegate -  mvn  -B clean install
2015-01-06 23:24:59,727 [Worker-28] INFO  o.e.m.i.launch.MavenLaunchDelegate - D:\Development\workspace\java_exam\ElecTradeFunService
2015-01-06 23:24:59,728 [Worker-28] INFO  o.e.m.i.launch.MavenLaunchDelegate -  mvn  -B jboss-as:deploy
2015-01-06 23:26:00,222 [Worker-19] INFO  o.e.m.c.i.l.LifecycleMappingFactory - Using org.maven.ide.eclipse.wtp.WarLifecycleMapping lifecycle mapping for MavenProject: exam.dev:ElecTradeFunApp:1.0-SNAPSHOT @ D:\Development\workspace\java_exam\ElecTradeFunApp\pom.xml.
2015-01-06 23:28:45,600 [Worker-27] INFO  o.e.m.i.launch.MavenLaunchDelegate - D:\Development\workspace\java_exam\ElecTradeFunService
2015-01-06 23:28:45,601 [Worker-27] INFO  o.e.m.i.launch.MavenLaunchDelegate -  mvn  -B eclipse:eclipse
2015-01-06 23:28:54,309 [Worker-26] INFO  o.e.m.i.launch.MavenLaunchDelegate - D:\Development\workspace\java_exam\ElecTradeFunService
2015-01-06 23:28:54,310 [Worker-26] INFO  o.e.m.i.launch.MavenLaunchDelegate -  mvn  -B clean install
2015-01-06 23:29:02,918 [Worker-27] INFO  o.e.m.i.launch.MavenLaunchDelegate - D:\Development\workspace\java_exam\ElecTradeFunService
2015-01-06 23:29:02,919 [Worker-27] INFO  o.e.m.i.launch.MavenLaunchDelegate -  mvn  -B jboss-as:deploy
2015-01-06 23:30:10,111 [Worker-30] INFO  o.e.m.i.launch.MavenLaunchDelegate - D:\Development\workspace\java_exam\ElecTradeFunApp
2015-01-06 23:30:10,111 [Worker-30] INFO  o.e.m.i.launch.MavenLaunchDelegate -  mvn  -B clean install
2015-01-06 23:30:36,971 [main] INFO  o.e.m2e.actions.ExecutePomAction - Creating new launch configuration
2015-01-06 23:31:02,115 [Worker-17] INFO  o.e.m.i.launch.MavenLaunchDelegate - D:\Development\workspace\java_exam\ElecTradeFunApp
2015-01-06 23:31:02,116 [Worker-17] INFO  o.e.m.i.launch.MavenLaunchDelegate -  mvn  -B jboss-as:deploy
2015-01-06 23:32:55,321 [Worker-28] INFO  o.e.m.c.i.l.LifecycleMappingFactory - Using org.maven.ide.eclipse.wtp.WarLifecycleMapping lifecycle mapping for MavenProject: exam.dev:ElecTradeFunApp:1.0-SNAPSHOT @ D:\Development\workspace\java_exam\ElecTradeFunApp\pom.xml.
2015-01-06 23:33:03,301 [Worker-26] INFO  o.e.m.i.launch.MavenLaunchDelegate - D:\Development\workspace\java_exam\ElecTradeFunApp
2015-01-06 23:33:03,301 [Worker-26] INFO  o.e.m.i.launch.MavenLaunchDelegate -  mvn  -B clean install
2015-01-06 23:33:12,562 [Worker-17] INFO  o.e.m.i.launch.MavenLaunchDelegate - D:\Development\workspace\java_exam\ElecTradeFunApp
2015-01-06 23:33:12,563 [Worker-17] INFO  o.e.m.i.launch.MavenLaunchDelegate -  mvn  -B jboss-as:deploy
2015-01-06 23:45:32,227 [Worker-32] INFO  o.e.m.i.launch.MavenLaunchDelegate - D:\Development\workspace\java_exam\ElecTradeFunApp
2015-01-06 23:45:32,227 [Worker-32] INFO  o.e.m.i.launch.MavenLaunchDelegate -  mvn  -B clean install
2015-01-06 23:45:42,170 [Worker-34] INFO  o.e.m.i.launch.MavenLaunchDelegate - D:\Development\workspace\java_exam\ElecTradeFunApp
2015-01-06 23:45:42,170 [Worker-34] INFO  o.e.m.i.launch.MavenLaunchDelegate -  mvn  -B jboss-as:deploy
2015-01-06 23:46:06,943 [Worker-35] INFO  o.e.m.i.launch.MavenLaunchDelegate - D:\Development\workspace\java_exam\ElecTradeFunApp
2015-01-06 23:46:06,944 [Worker-35] INFO  o.e.m.i.launch.MavenLaunchDelegate -  mvn  -B clean install
2015-01-06 23:46:15,322 [Worker-35] INFO  o.e.m.i.launch.MavenLaunchDelegate - D:\Development\workspace\java_exam\ElecTradeFunApp
2015-01-06 23:46:15,322 [Worker-35] INFO  o.e.m.i.launch.MavenLaunchDelegate -  mvn  -B jboss-as:deploy
2015-01-06 23:49:51,023 [Worker-36] INFO  o.e.m.i.launch.MavenLaunchDelegate - D:\Development\workspace\java_exam\ElecTradeFunApp
2015-01-06 23:49:51,023 [Worker-36] INFO  o.e.m.i.launch.MavenLaunchDelegate -  mvn  -B clean install
2015-01-06 23:50:18,470 [Worker-34] INFO  o.e.m.i.launch.MavenLaunchDelegate - D:\Development\workspace\java_exam\ElecTradeFunApp
2015-01-06 23:50:18,470 [Worker-34] INFO  o.e.m.i.launch.MavenLaunchDelegate -  mvn  -B jboss-as:deploy
2015-01-06 23:52:52,235 [Worker-37] INFO  o.e.m.i.launch.MavenLaunchDelegate - D:\Development\workspace\java_exam\ElecTradeFunApp
2015-01-06 23:52:52,235 [Worker-37] INFO  o.e.m.i.launch.MavenLaunchDelegate -  mvn  -B clean install
2015-01-06 23:53:02,596 [Worker-39] INFO  o.e.m.i.launch.MavenLaunchDelegate - D:\Development\workspace\java_exam\ElecTradeFunApp
2015-01-06 23:53:02,596 [Worker-39] INFO  o.e.m.i.launch.MavenLaunchDelegate -  mvn  -B jboss-as:deploy
2015-01-06 23:55:39,615 [Worker-36] INFO  o.e.m.i.launch.MavenLaunchDelegate - D:\Development\workspace\java_exam\ElecTradeFunApp
2015-01-06 23:55:39,615 [Worker-36] INFO  o.e.m.i.launch.MavenLaunchDelegate -  mvn  -B clean install
2015-01-06 23:55:50,921 [Worker-42] INFO  o.e.m.i.launch.MavenLaunchDelegate - D:\Development\workspace\java_exam\ElecTradeFunApp
2015-01-06 23:55:50,922 [Worker-42] INFO  o.e.m.i.launch.MavenLaunchDelegate -  mvn  -B jboss-as:deploy
2015-01-06 23:58:37,515 [Worker-42] INFO  o.e.m.i.launch.MavenLaunchDelegate - D:\Development\workspace\java_exam\ElecTradeFunApp
2015-01-06 23:58:37,515 [Worker-42] INFO  o.e.m.i.launch.MavenLaunchDelegate -  mvn  -B clean install
2015-01-06 23:58:46,716 [Worker-42] INFO  o.e.m.i.launch.MavenLaunchDelegate - D:\Development\workspace\java_exam\ElecTradeFunApp
2015-01-06 23:58:46,716 [Worker-42] INFO  o.e.m.i.launch.MavenLaunchDelegate -  mvn  -B jboss-as:deploy
2015-01-07 00:04:04,243 [Worker-44] INFO  o.e.m.i.launch.MavenLaunchDelegate - D:\Development\workspace\java_exam\ElecTradeFunApp
2015-01-07 00:04:04,243 [Worker-44] INFO  o.e.m.i.launch.MavenLaunchDelegate -  mvn  -B clean install
2015-01-07 00:04:15,569 [Worker-44] INFO  o.e.m.i.launch.MavenLaunchDelegate - D:\Development\workspace\java_exam\ElecTradeFunApp
2015-01-07 00:04:15,569 [Worker-44] INFO  o.e.m.i.launch.MavenLaunchDelegate -  mvn  -B jboss-as:deploy
2015-01-07 00:20:33,700 [Worker-42] INFO  o.e.m.i.launch.MavenLaunchDelegate - D:\Development\workspace\java_exam\ElecTradeFunApp
2015-01-07 00:20:33,700 [Worker-42] INFO  o.e.m.i.launch.MavenLaunchDelegate -  mvn  -B clean install
2015-01-07 00:20:44,332 [Worker-48] INFO  o.e.m.i.launch.MavenLaunchDelegate - D:\Development\workspace\java_exam\ElecTradeFunApp
2015-01-07 00:20:44,332 [Worker-48] INFO  o.e.m.i.launch.MavenLaunchDelegate -  mvn  -B jboss-as:deploy
2015-01-07 00:21:33,662 [Worker-38] INFO  o.e.m.i.launch.MavenLaunchDelegate - D:\Development\workspace\java_exam\ElecTradeFunService
2015-01-07 00:21:33,662 [Worker-38] INFO  o.e.m.i.launch.MavenLaunchDelegate -  mvn  -B clean install
2015-01-07 00:21:43,347 [Worker-47] INFO  o.e.m.i.launch.MavenLaunchDelegate - D:\Development\workspace\java_exam\ElecTradeFunService
2015-01-07 00:21:43,347 [Worker-47] INFO  o.e.m.i.launch.MavenLaunchDelegate -  mvn  -B jboss-as:deploy
2015-01-07 00:22:24,332 [Worker-48] INFO  o.e.m.i.launch.MavenLaunchDelegate - D:\Development\workspace\java_exam\ElecTradeFunApp
2015-01-07 00:22:24,332 [Worker-48] INFO  o.e.m.i.launch.MavenLaunchDelegate -  mvn  -B clean install
2015-01-07 00:22:47,710 [Worker-43] INFO  o.e.m.i.launch.MavenLaunchDelegate - D:\Development\workspace\java_exam\ElecTradeFunApp
2015-01-07 00:22:47,710 [Worker-43] INFO  o.e.m.i.launch.MavenLaunchDelegate -  mvn  -B clean install
2015-01-07 00:23:01,317 [Worker-48] INFO  o.e.m.i.launch.MavenLaunchDelegate - D:\Development\workspace\java_exam\ElecTradeFunApp
2015-01-07 00:23:01,317 [Worker-48] INFO  o.e.m.i.launch.MavenLaunchDelegate -  mvn  -B jboss-as:deploy
2015-01-07 00:36:21,742 [Worker-38] INFO  o.e.m.i.launch.MavenLaunchDelegate - D:\Development\workspace\java_exam\ElecTradeFunService
2015-01-07 00:36:21,742 [Worker-38] INFO  o.e.m.i.launch.MavenLaunchDelegate -  mvn  -B clean install
2015-01-07 00:36:30,958 [Worker-52] INFO  o.e.m.i.launch.MavenLaunchDelegate - D:\Development\workspace\java_exam\ElecTradeFunService
2015-01-07 00:36:30,959 [Worker-52] INFO  o.e.m.i.launch.MavenLaunchDelegate -  mvn  -B jboss-as:deploy
2015-01-07 00:36:56,732 [Worker-50] INFO  o.e.m.i.launch.MavenLaunchDelegate - D:\Development\workspace\java_exam\ElecTradeFunApp
2015-01-07 00:36:56,733 [Worker-50] INFO  o.e.m.i.launch.MavenLaunchDelegate -  mvn  -B clean install
2015-01-07 00:37:07,026 [Worker-51] INFO  o.e.m.i.launch.MavenLaunchDelegate - D:\Development\workspace\java_exam\ElecTradeFunApp
2015-01-07 00:37:07,027 [Worker-51] INFO  o.e.m.i.launch.MavenLaunchDelegate -  mvn  -B jboss-as:deploy
2015-01-07 00:39:46,352 [Worker-42] INFO  o.e.m.i.launch.MavenLaunchDelegate - D:\Development\workspace\java_exam\ElecTradeFunApp
2015-01-07 00:39:46,352 [Worker-42] INFO  o.e.m.i.launch.MavenLaunchDelegate -  mvn  -B clean install
2015-01-07 00:39:55,599 [Worker-50] INFO  o.e.m.i.launch.MavenLaunchDelegate - D:\Development\workspace\java_exam\ElecTradeFunApp
2015-01-07 00:39:55,600 [Worker-50] INFO  o.e.m.i.launch.MavenLaunchDelegate -  mvn  -B jboss-as:deploy
2015-01-07 00:41:15,784 [Worker-50] INFO  o.e.m.i.launch.MavenLaunchDelegate - D:\Development\workspace\java_exam\ElecTradeFunApp
2015-01-07 00:41:15,785 [Worker-50] INFO  o.e.m.i.launch.MavenLaunchDelegate -  mvn  -B clean install
2015-01-07 00:41:31,508 [Worker-54] INFO  o.e.m.i.launch.MavenLaunchDelegate - D:\Development\workspace\java_exam\ElecTradeFunApp
2015-01-07 00:41:31,509 [Worker-54] INFO  o.e.m.i.launch.MavenLaunchDelegate -  mvn  -B jboss-as:deploy
2015-01-07 00:42:25,052 [Worker-54] INFO  o.e.m.i.launch.MavenLaunchDelegate - D:\Development\workspace\java_exam\ElecTradeFunApp
2015-01-07 00:42:25,052 [Worker-54] INFO  o.e.m.i.launch.MavenLaunchDelegate -  mvn  -B clean install
2015-01-07 00:42:33,430 [Worker-42] INFO  o.e.m.i.launch.MavenLaunchDelegate - D:\Development\workspace\java_exam\ElecTradeFunApp
2015-01-07 00:42:33,430 [Worker-42] INFO  o.e.m.i.launch.MavenLaunchDelegate -  mvn  -B jboss-as:deploy
2015-01-07 00:47:08,027 [Worker-55] INFO  o.e.m.i.launch.MavenLaunchDelegate - D:\Development\workspace\java_exam\ElecTradeFunApp
2015-01-07 00:47:08,027 [Worker-55] INFO  o.e.m.i.launch.MavenLaunchDelegate -  mvn  -B clean install
2015-01-07 00:47:18,716 [Worker-50] INFO  o.e.m.i.launch.MavenLaunchDelegate - D:\Development\workspace\java_exam\ElecTradeFunApp
2015-01-07 00:47:18,716 [Worker-50] INFO  o.e.m.i.launch.MavenLaunchDelegate -  mvn  -B jboss-as:deploy
2015-01-07 00:47:54,563 [Worker-55] INFO  o.e.m.i.launch.MavenLaunchDelegate - D:\Development\workspace\java_exam\ElecTradeFunApp
2015-01-07 00:47:54,563 [Worker-55] INFO  o.e.m.i.launch.MavenLaunchDelegate -  mvn  -B clean install
2015-01-07 00:49:51,822 [Worker-58] INFO  o.e.m.i.launch.MavenLaunchDelegate - D:\Development\workspace\java_exam\ElecTradeFunApp
2015-01-07 00:49:51,822 [Worker-58] INFO  o.e.m.i.launch.MavenLaunchDelegate -  mvn  -B clean install
2015-01-07 00:50:00,304 [Worker-54] INFO  o.e.m.i.launch.MavenLaunchDelegate - D:\Development\workspace\java_exam\ElecTradeFunApp
2015-01-07 00:50:00,304 [Worker-54] INFO  o.e.m.i.launch.MavenLaunchDelegate -  mvn  -B jboss-as:deploy
2015-01-07 00:53:05,705 [Worker-58] INFO  o.e.m.i.launch.MavenLaunchDelegate - D:\Development\workspace\java_exam\ElecTradeFunApp
2015-01-07 00:53:05,715 [Worker-58] INFO  o.e.m.i.launch.MavenLaunchDelegate -  mvn  -B clean install
2015-01-07 00:53:13,886 [Worker-61] INFO  o.e.m.i.launch.MavenLaunchDelegate - D:\Development\workspace\java_exam\ElecTradeFunApp
2015-01-07 00:53:13,886 [Worker-61] INFO  o.e.m.i.launch.MavenLaunchDelegate -  mvn  -B jboss-as:deploy
2015-01-07 00:59:45,265 [Worker-60] INFO  o.e.m.c.i.l.LifecycleMappingFactory - Using org.maven.ide.eclipse.wtp.EjbLifecycleMapping lifecycle mapping for MavenProject: exam.dev:ElecTradeFunService:1.0-SNAPSHOT @ D:\Development\workspace\java_exam\ElecTradeFunService\pom.xml.
2015-01-07 00:59:45,325 [Worker-60] INFO  o.e.m.c.i.l.LifecycleMappingFactory - Using org.maven.ide.eclipse.wtp.WarLifecycleMapping lifecycle mapping for MavenProject: exam.dev:ElecTradeFunApp:1.0-SNAPSHOT @ D:\Development\workspace\java_exam\ElecTradeFunApp\pom.xml.
2015-01-07 00:59:59,457 [Worker-64] INFO  o.e.m.c.i.l.LifecycleMappingFactory - Using org.maven.ide.eclipse.wtp.EjbLifecycleMapping lifecycle mapping for MavenProject: exam.dev:ElecTradeFunService:1.0-SNAPSHOT @ D:\Development\workspace\java_exam\ElecTradeFunService\pom.xml.
2015-01-07 00:59:59,616 [Worker-64] INFO  c.n.h.c.p.n.NettyAsyncHttpProvider - Number of application's worked threads is 8
2015-01-07 01:00:00,377 [New I/O client worker #1-1] INFO  o.e.m.c.i.e.AbstractTransferListenerAdapter - Downloaded http://repo.maven.apache.org/maven2/com/googlecode/json-simple/json-simple/1.1.1/json-simple-1.1.1-jar-with-dependencies.jar
2015-01-07 01:00:14,249 [Worker-64] INFO  o.e.m.c.i.l.LifecycleMappingFactory - Using org.maven.ide.eclipse.wtp.EjbLifecycleMapping lifecycle mapping for MavenProject: exam.dev:ElecTradeFunService:1.0-SNAPSHOT @ D:\Development\workspace\java_exam\ElecTradeFunService\pom.xml.
2015-01-07 01:00:22,502 [Worker-64] INFO  o.e.m.c.i.l.LifecycleMappingFactory - Using org.maven.ide.eclipse.wtp.EjbLifecycleMapping lifecycle mapping for MavenProject: exam.dev:ElecTradeFunService:1.0-SNAPSHOT @ D:\Development\workspace\java_exam\ElecTradeFunService\pom.xml.
2015-01-07 01:00:38,216 [Worker-64] INFO  o.e.m.c.i.l.LifecycleMappingFactory - Using org.maven.ide.eclipse.wtp.EjbLifecycleMapping lifecycle mapping for MavenProject: exam.dev:ElecTradeFunService:1.0-SNAPSHOT @ D:\Development\workspace\java_exam\ElecTradeFunService\pom.xml.
2015-01-07 01:00:46,588 [Worker-65] INFO  o.e.m.c.i.p.ProjectConfigurationManager - Update started
2015-01-07 01:00:46,648 [Worker-65] INFO  o.e.m.c.i.l.LifecycleMappingFactory - Using org.maven.ide.eclipse.wtp.EjbLifecycleMapping lifecycle mapping for MavenProject: exam.dev:ElecTradeFunService:1.0-SNAPSHOT @ D:\Development\workspace\java_exam\ElecTradeFunService\pom.xml.
2015-01-07 01:00:46,738 [Worker-65] INFO  o.e.m.j.i.AbstractJavaProjectConfigurator - Adding source folder /ElecTradeFunService/src/main/java
2015-01-07 01:00:47,029 [Worker-65] INFO  o.e.m.j.i.AbstractJavaProjectConfigurator - Adding source folder /ElecTradeFunService/src/test/java
2015-01-07 01:00:47,269 [Worker-65] INFO  o.e.m.c.i.p.ProjectConfigurationManager - Update completed: 0 sec
2015-01-07 01:00:48,389 [Worker-60] INFO  o.e.m.c.i.l.LifecycleMappingFactory - Using org.maven.ide.eclipse.wtp.EjbLifecycleMapping lifecycle mapping for MavenProject: exam.dev:ElecTradeFunService:1.0-SNAPSHOT @ D:\Development\workspace\java_exam\ElecTradeFunService\pom.xml.
2015-01-07 01:00:53,730 [Worker-61] INFO  o.e.m.i.launch.MavenLaunchDelegate - D:\Development\workspace\java_exam\ElecTradeFunService
2015-01-07 01:00:53,730 [Worker-61] INFO  o.e.m.i.launch.MavenLaunchDelegate -  mvn  -B eclipse:eclipse
2015-01-07 01:02:00,220 [Worker-64] INFO  o.e.m.c.i.l.LifecycleMappingFactory - Using org.maven.ide.eclipse.wtp.EjbLifecycleMapping lifecycle mapping for MavenProject: exam.dev:ElecTradeFunService:1.0-SNAPSHOT @ D:\Development\workspace\java_exam\ElecTradeFunService\pom.xml.
2015-01-07 01:02:03,291 [Worker-60] INFO  o.e.m.i.launch.MavenLaunchDelegate - D:\Development\workspace\java_exam\ElecTradeFunService
2015-01-07 01:02:03,291 [Worker-60] INFO  o.e.m.i.launch.MavenLaunchDelegate -  mvn  -B eclipse:eclipse
2015-01-07 01:07:38,577 [Worker-67] INFO  c.n.h.c.p.n.NettyAsyncHttpProvider - Number of application's worked threads is 8
2015-01-07 01:07:39,158 [New I/O client worker #2-1] INFO  o.e.m.c.i.e.AbstractTransferListenerAdapter - Downloading http://repo.maven.apache.org/maven2/org/apache/maven/plugins/maven-assembly-plugin/2.2-beta-4/maven-assembly-plugin-2.2-beta-4.jar
2015-01-07 01:08:12,193 [Worker-68] INFO  o.e.m.i.launch.MavenLaunchDelegate - D:\Development\workspace\java_exam\ElecTradeFunService
2015-01-07 01:08:12,193 [Worker-68] INFO  o.e.m.i.launch.MavenLaunchDelegate -  mvn  -B eclipse:eclipse
2015-01-07 01:08:31,210 [New I/O client worker #2-1] INFO  o.e.m.c.i.e.AbstractTransferListenerAdapter - Downloaded http://repo.maven.apache.org/maven2/org/apache/maven/plugins/maven-assembly-plugin/2.2-beta-4/maven-assembly-plugin-2.2-beta-4.jar
2015-01-07 01:08:31,580 [Worker-67] INFO  o.e.m.c.i.l.LifecycleMappingFactory - Using org.maven.ide.eclipse.wtp.EjbLifecycleMapping lifecycle mapping for MavenProject: exam.dev:ElecTradeFunService:1.0-SNAPSHOT @ D:\Development\workspace\java_exam\ElecTradeFunService\pom.xml.
2015-01-07 01:08:31,630 [Worker-67] INFO  c.n.h.c.p.n.NettyAsyncHttpProvider - Number of application's worked threads is 8
2015-01-07 01:08:35,202 [New I/O client worker #3-1] INFO  o.e.m.c.i.e.AbstractTransferListenerAdapter - Downloading http://repo.maven.apache.org/maven2/org/apache/maven/plugins/maven-assembly-plugin/2.2-beta-4/maven-assembly-plugin-2.2-beta-4.pom
2015-01-07 01:08:35,642 [New I/O client worker #3-1] INFO  o.e.m.c.i.e.AbstractTransferListenerAdapter - Downloaded http://repo.maven.apache.org/maven2/org/apache/maven/plugins/maven-assembly-plugin/2.2-beta-4/maven-assembly-plugin-2.2-beta-4.pom
2015-01-07 01:08:35,892 [Worker-67] INFO  c.n.h.c.p.n.NettyAsyncHttpProvider - Number of application's worked threads is 8
2015-01-07 01:08:36,352 [New I/O client worker #4-1] INFO  o.e.m.c.i.e.AbstractTransferListenerAdapter - Downloading http://repo.maven.apache.org/maven2/org/apache/maven/plugins/maven-plugins/13/maven-plugins-13.pom
2015-01-07 01:08:36,592 [New I/O client worker #4-1] INFO  o.e.m.c.i.e.AbstractTransferListenerAdapter - Downloaded http://repo.maven.apache.org/maven2/org/apache/maven/plugins/maven-plugins/13/maven-plugins-13.pom
2015-01-07 01:08:38,612 [Worker-68] INFO  o.e.m.c.i.l.LifecycleMappingFactory - Using org.maven.ide.eclipse.wtp.EjbLifecycleMapping lifecycle mapping for MavenProject: exam.dev:ElecTradeFunService:1.0-SNAPSHOT @ D:\Development\workspace\java_exam\ElecTradeFunService\pom.xml.
2015-01-07 01:12:29,467 [Worker-69] INFO  o.e.m.i.launch.MavenLaunchDelegate - D:\Development\workspace\java_exam\ElecTradeFunService
2015-01-07 01:12:29,467 [Worker-69] INFO  o.e.m.i.launch.MavenLaunchDelegate -  mvn  -B clean install
2015-01-07 01:12:41,511 [Worker-63] INFO  o.e.m.i.launch.MavenLaunchDelegate - D:\Development\workspace\java_exam\ElecTradeFunService
2015-01-07 01:12:41,511 [Worker-63] INFO  o.e.m.i.launch.MavenLaunchDelegate -  mvn  -B jboss-as:deploy
2015-01-07 01:14:17,021 [Worker-73] INFO  o.e.m.c.i.l.LifecycleMappingFactory - Using org.maven.ide.eclipse.wtp.EjbLifecycleMapping lifecycle mapping for MavenProject: exam.dev:ElecTradeFunService:1.0-SNAPSHOT @ D:\Development\workspace\java_exam\ElecTradeFunService\pom.xml.
2015-01-07 01:14:34,255 [Worker-71] INFO  o.e.m.c.i.l.LifecycleMappingFactory - Using org.maven.ide.eclipse.wtp.EjbLifecycleMapping lifecycle mapping for MavenProject: exam.dev:ElecTradeFunService:1.0-SNAPSHOT @ D:\Development\workspace\java_exam\ElecTradeFunService\pom.xml.
2015-01-07 01:15:00,186 [Worker-74] INFO  c.n.h.c.p.n.NettyAsyncHttpProvider - Number of application's worked threads is 8
2015-01-07 01:15:01,827 [New I/O client worker #5-1] INFO  o.e.m.c.i.e.AbstractTransferListenerAdapter - Downloading http://repo.maven.apache.org/maven2/org/apache/maven/plugins/maven-assembly-plugin/2.5.3/maven-assembly-plugin-2.5.3.jar
2015-01-07 01:15:04,278 [Worker-71] INFO  o.e.m.i.launch.MavenLaunchDelegate - D:\Development\workspace\java_exam\ElecTradeFunService
2015-01-07 01:15:04,278 [Worker-71] INFO  o.e.m.i.launch.MavenLaunchDelegate -  mvn  -B eclipse:eclipse
2015-01-07 01:15:13,766 [New I/O client worker #5-1] INFO  o.e.m.c.i.e.AbstractTransferListenerAdapter - Downloaded http://repo.maven.apache.org/maven2/org/apache/maven/plugins/maven-assembly-plugin/2.5.3/maven-assembly-plugin-2.5.3.jar
2015-01-07 01:15:14,105 [Worker-74] INFO  o.e.m.c.i.l.LifecycleMappingFactory - Using org.maven.ide.eclipse.wtp.EjbLifecycleMapping lifecycle mapping for MavenProject: exam.dev:ElecTradeFunService:1.0-SNAPSHOT @ D:\Development\workspace\java_exam\ElecTradeFunService\pom.xml.
2015-01-07 01:15:19,507 [Worker-67] INFO  o.e.m.i.launch.MavenLaunchDelegate - D:\Development\workspace\java_exam\ElecTradeFunService
2015-01-07 01:15:19,507 [Worker-67] INFO  o.e.m.i.launch.MavenLaunchDelegate -  mvn  -B clean install
2015-01-07 01:16:37,463 [Worker-69] INFO  o.e.m.i.launch.MavenLaunchDelegate - D:\Development\workspace\java_exam\ElecTradeFunService
2015-01-07 01:16:37,463 [Worker-69] INFO  o.e.m.i.launch.MavenLaunchDelegate -  mvn  -B jboss-as:deploy
2015-01-07 01:19:40,122 [main] INFO  o.e.m2e.actions.ExecutePomAction - Creating new launch configuration
2015-01-07 01:19:53,608 [Worker-63] INFO  o.e.m.i.launch.MavenLaunchDelegate - D:\Development\workspace\java_exam\ElecTradeFunService
2015-01-07 01:19:53,608 [Worker-63] INFO  o.e.m.i.launch.MavenLaunchDelegate -  mvn  -B package
2015-01-07 01:20:08,655 [Worker-74] INFO  o.e.m.c.i.l.LifecycleMappingFactory - Using org.maven.ide.eclipse.wtp.EjbLifecycleMapping lifecycle mapping for MavenProject: exam.dev:ElecTradeFunService:1.0-SNAPSHOT @ D:\Development\workspace\java_exam\ElecTradeFunService\pom.xml.
2015-01-07 01:21:32,019 [Worker-78] INFO  o.e.m.i.launch.MavenLaunchDelegate - D:\Development\workspace\java_exam\ElecTradeFunService
2015-01-07 01:21:32,019 [Worker-78] INFO  o.e.m.i.launch.MavenLaunchDelegate -  mvn  -B jboss-as:deploy
2015-01-07 01:21:50,085 [Worker-77] INFO  o.e.m.i.launch.MavenLaunchDelegate - D:\Development\workspace\java_exam\ElecTradeFunApp
2015-01-07 01:21:50,095 [Worker-77] INFO  o.e.m.i.launch.MavenLaunchDelegate -  mvn  -B jboss-as:deploy
2015-01-07 01:23:34,901 [Worker-74] INFO  o.e.m.i.launch.MavenLaunchDelegate - D:\Development\workspace\java_exam\ElecTradeFunApp
2015-01-07 01:23:34,901 [Worker-74] INFO  o.e.m.i.launch.MavenLaunchDelegate -  mvn  -B clean install
2015-01-07 01:23:48,410 [Worker-80] INFO  o.e.m.i.launch.MavenLaunchDelegate - D:\Development\workspace\java_exam\ElecTradeFunApp
2015-01-07 01:23:48,410 [Worker-80] INFO  o.e.m.i.launch.MavenLaunchDelegate -  mvn  -B jboss-as:deploy
2015-01-07 01:24:38,285 [Worker-63] INFO  o.e.m.i.launch.MavenLaunchDelegate - D:\Development\workspace\java_exam\ElecTradeFunApp
2015-01-07 01:24:38,285 [Worker-63] INFO  o.e.m.i.launch.MavenLaunchDelegate -  mvn  -B clean install
2015-01-07 01:24:54,219 [Worker-74] INFO  o.e.m.i.launch.MavenLaunchDelegate - D:\Development\workspace\java_exam\ElecTradeFunApp
2015-01-07 01:24:54,219 [Worker-74] INFO  o.e.m.i.launch.MavenLaunchDelegate -  mvn  -B jboss-as:deploy
2015-01-07 01:26:50,676 [Worker-63] INFO  o.e.m.c.i.l.LifecycleMappingFactory - Using org.maven.ide.eclipse.wtp.WarLifecycleMapping lifecycle mapping for MavenProject: exam.dev:ElecTradeFunApp:1.0-SNAPSHOT @ D:\Development\workspace\java_exam\ElecTradeFunApp\pom.xml.
2015-01-07 01:27:00,218 [Worker-78] INFO  o.e.m.c.i.l.LifecycleMappingFactory - Using org.maven.ide.eclipse.wtp.WarLifecycleMapping lifecycle mapping for MavenProject: exam.dev:ElecTradeFunApp:1.0-SNAPSHOT @ D:\Development\workspace\java_exam\ElecTradeFunApp\pom.xml.
2015-01-07 01:30:08,903 [Worker-63] INFO  o.e.m.c.i.l.LifecycleMappingFactory - Using org.maven.ide.eclipse.wtp.EjbLifecycleMapping lifecycle mapping for MavenProject: exam.dev:ElecTradeFunService:1.0-SNAPSHOT @ D:\Development\workspace\java_exam\ElecTradeFunService\pom.xml.
2015-01-07 01:30:16,779 [Worker-63] INFO  o.e.m.i.launch.MavenLaunchDelegate - D:\Development\workspace\java_exam\ElecTradeFunService
2015-01-07 01:30:16,779 [Worker-63] INFO  o.e.m.i.launch.MavenLaunchDelegate -  mvn  -B eclipse:eclipse
2015-01-07 01:30:29,890 [Worker-82] INFO  o.e.m.i.launch.MavenLaunchDelegate - D:\Development\workspace\java_exam\ElecTradeFunService
2015-01-07 01:30:29,890 [Worker-82] INFO  o.e.m.i.launch.MavenLaunchDelegate -  mvn  -B clean install
2015-01-07 01:30:42,655 [Worker-63] INFO  o.e.m.c.i.l.LifecycleMappingFactory - Using org.maven.ide.eclipse.wtp.EjbLifecycleMapping lifecycle mapping for MavenProject: exam.dev:ElecTradeFunService:1.0-SNAPSHOT @ D:\Development\workspace\java_exam\ElecTradeFunService\pom.xml.
2015-01-07 01:30:56,880 [Worker-80] INFO  o.e.m.i.launch.MavenLaunchDelegate - D:\Development\workspace\java_exam\ElecTradeFunService
2015-01-07 01:30:56,890 [Worker-80] INFO  o.e.m.i.launch.MavenLaunchDelegate -  mvn  -B jboss-as:deploy
2015-01-07 01:31:20,683 [Worker-74] INFO  o.e.m.i.launch.MavenLaunchDelegate - D:\Development\workspace\java_exam\ElecTradeFunApp
2015-01-07 01:31:20,683 [Worker-74] INFO  o.e.m.i.launch.MavenLaunchDelegate -  mvn  -B jboss-as:deploy
2015-01-07 01:31:58,299 [Worker-81] INFO  o.e.m.i.launch.MavenLaunchDelegate - D:\Development\workspace\java_exam\ElecTradeFunApp
2015-01-07 01:31:58,299 [Worker-81] INFO  o.e.m.i.launch.MavenLaunchDelegate -  mvn  -B clean install
2015-01-07 01:32:07,332 [Worker-82] INFO  o.e.m.i.launch.MavenLaunchDelegate - D:\Development\workspace\java_exam\ElecTradeFunApp
2015-01-07 01:32:07,332 [Worker-82] INFO  o.e.m.i.launch.MavenLaunchDelegate -  mvn  -B jboss-as:deploy
2015-01-07 01:33:36,633 [Worker-82] INFO  o.e.m.i.launch.MavenLaunchDelegate - D:\Development\workspace\java_exam\ElecTradeFunApp
2015-01-07 01:33:36,633 [Worker-82] INFO  o.e.m.i.launch.MavenLaunchDelegate -  mvn  -B clean install
2015-01-07 01:33:44,979 [Worker-80] INFO  o.e.m.i.launch.MavenLaunchDelegate - D:\Development\workspace\java_exam\ElecTradeFunApp
2015-01-07 01:33:44,979 [Worker-80] INFO  o.e.m.i.launch.MavenLaunchDelegate -  mvn  -B jboss-as:deploy
2015-01-07 01:37:34,038 [Worker-63] INFO  o.e.m.i.launch.MavenLaunchDelegate - D:\Development\workspace\java_exam\ElecTradeFunService
2015-01-07 01:37:34,038 [Worker-63] INFO  o.e.m.i.launch.MavenLaunchDelegate -  mvn  -B clean install
2015-01-07 01:37:47,557 [Worker-85] INFO  o.e.m.i.launch.MavenLaunchDelegate - D:\Development\workspace\java_exam\ElecTradeFunService
2015-01-07 01:37:47,557 [Worker-85] INFO  o.e.m.i.launch.MavenLaunchDelegate -  mvn  -B jboss-as:deploy
2015-01-07 01:38:00,077 [Worker-82] INFO  o.e.m.i.launch.MavenLaunchDelegate - D:\Development\workspace\java_exam\ElecTradeFunApp
2015-01-07 01:38:00,077 [Worker-82] INFO  o.e.m.i.launch.MavenLaunchDelegate -  mvn  -B clean install
2015-01-07 01:38:10,481 [Worker-84] INFO  o.e.m.i.launch.MavenLaunchDelegate - D:\Development\workspace\java_exam\ElecTradeFunApp
2015-01-07 01:38:10,481 [Worker-84] INFO  o.e.m.i.launch.MavenLaunchDelegate -  mvn  -B jboss-as:deploy
2015-01-07 01:40:36,081 [Worker-81] INFO  o.e.m.i.launch.MavenLaunchDelegate - D:\Development\workspace\java_exam\ElecTradeFunService
2015-01-07 01:40:36,081 [Worker-81] INFO  o.e.m.i.launch.MavenLaunchDelegate -  mvn  -B clean install
2015-01-07 01:40:47,631 [Worker-87] INFO  o.e.m.i.launch.MavenLaunchDelegate - D:\Development\workspace\java_exam\ElecTradeFunService
2015-01-07 01:40:47,631 [Worker-87] INFO  o.e.m.i.launch.MavenLaunchDelegate -  mvn  -B jboss-as:deploy
2015-01-07 01:41:00,268 [Worker-84] INFO  o.e.m.i.launch.MavenLaunchDelegate - D:\Development\workspace\java_exam\ElecTradeFunApp
2015-01-07 01:41:00,268 [Worker-84] INFO  o.e.m.i.launch.MavenLaunchDelegate -  mvn  -B clean install
2015-01-07 01:41:09,381 [Worker-63] INFO  o.e.m.i.launch.MavenLaunchDelegate - D:\Development\workspace\java_exam\ElecTradeFunApp
2015-01-07 01:41:09,391 [Worker-63] INFO  o.e.m.i.launch.MavenLaunchDelegate -  mvn  -B jboss-as:deploy
